<?xml version="1.0" encoding="UTF-8"?>
<!-- Generated by org.testng.reporters.JUnitReportReporter -->
<testsuite name="EListTestNG" tests="348" time="0.689" ignored="0" failures="0" timestamp="15 дек 2016 20:00:19 GMT" skipped="0" hostname="DESKTOP-LVRSBAA" errors="0">
  <testcase name="testDelPos_beg" time="0.003" classname="EListTestNG"/>
  <testcase name="testHalfReverse_0" time="0.001" classname="EListTestNG"/>
  <testcase name="testAddEnd_tomany" time="0.005" classname="EListTestNG"/>
  <testcase name="testAddEnd_to0" time="0.028" classname="EListTestNG"/>
  <testcase name="testDelPos_onebeforeend" time="0.003" classname="EListTestNG"/>
  <testcase name="testDelPos_onebeforeend" time="0.001" classname="EListTestNG"/>
  <testcase name="testMinPos_allthesame" time="0.001" classname="EListTestNG"/>
  <testcase name="testSize_3" time="0.001" classname="EListTestNG"/>
  <testcase name="testSort_2" time="0.001" classname="EListTestNG"/>
  <testcase name="testInit_len2" time="0.001" classname="EListTestNG"/>
  <testcase name="testMax_3" time="0.002" classname="EListTestNG"/>
  <testcase name="testGet_LessThanleng" time="0.002" classname="EListTestNG"/>
  <testcase name="testMaxPos_zero" time="0.002" classname="EListTestNG"/>
  <testcase name="testHalfReverse_2" time="0.002" classname="EListTestNG"/>
  <testcase name="testSort_0" time="0.001" classname="EListTestNG"/>
  <testcase name="testAddStart_to2" time="0.001" classname="EListTestNG"/>
  <testcase name="testGet_end" time="0.014" classname="EListTestNG"/>
  <testcase name="testDelEnd_from1" time="0.002" classname="EListTestNG"/>
  <testcase name="testAddStart_toMany" time="0.007" classname="EListTestNG"/>
  <testcase name="testMaxPos_zero" time="0.001" classname="EListTestNG"/>
  <testcase name="testToArray_1" time="0.001" classname="EListTestNG"/>
  <testcase name="testMinPos_2" time="0.001" classname="EListTestNG"/>
  <testcase name="testSet_moreThan" time="0.001" classname="EListTestNG"/>
  <testcase name="testSort_even" time="0.000" classname="EListTestNG"/>
  <testcase name="testMaxPos_many" time="0.001" classname="EListTestNG"/>
  <testcase name="testDelPos_from1" time="0.003" classname="EListTestNG"/>
  <testcase name="testAddStart_to2" time="0.002" classname="EListTestNG"/>
  <testcase name="testAddStart_to1" time="0.004" classname="EListTestNG"/>
  <testcase name="testGet_middle" time="0.001" classname="EListTestNG"/>
  <testcase name="testAddPos_lessthanLeng" time="0.002" classname="EListTestNG"/>
  <testcase name="testMinPos_0" time="0.001" classname="EListTestNG"/>
  <testcase name="testReverse_manyOdd" time="0.001" classname="EListTestNG"/>
  <testcase name="testDelPos_beg" time="0.003" classname="EListTestNG"/>
  <testcase name="testSize_zero" time="0.001" classname="EListTestNG"/>
  <testcase name="testAddEnd_to0" time="0.007" classname="EListTestNG"/>
  <testcase name="testToArray_3" time="0.000" classname="EListTestNG"/>
  <testcase name="testHalfReverse_manyOdd" time="0.001" classname="EListTestNG"/>
  <testcase name="testMin_2" time="0.000" classname="EListTestNG"/>
  <testcase name="testToString_many" time="0.000" classname="EListTestNG"/>
  <testcase name="testAddPos_2" time="0.003" classname="EListTestNG"/>
  <testcase name="testDelEnd_from3" time="0.001" classname="EListTestNG"/>
  <testcase name="testDelStart_from3" time="0.001" classname="EListTestNG"/>
  <testcase name="testClear_len2" time="0.002" classname="EListTestNG"/>
  <testcase name="testMax_2" time="0.001" classname="EListTestNG"/>
  <testcase name="testToArray_3" time="0.001" classname="EListTestNG"/>
  <testcase name="testGet_from2" time="0.001" classname="EListTestNG"/>
  <testcase name="testMax_many" time="0.001" classname="EListTestNG"/>
  <testcase name="testSort_2" time="0.000" classname="EListTestNG"/>
  <testcase name="testAddStart_to0" time="0.003" classname="EListTestNG"/>
  <testcase name="testHalfReverse_manyeven" time="0.001" classname="EListTestNG"/>
  <testcase name="testMin_3" time="0.001" classname="EListTestNG"/>
  <testcase name="testMaxPos_1" time="0.001" classname="EListTestNG"/>
  <testcase name="testMaxPos_zero" time="0.002" classname="EListTestNG"/>
  <testcase name="testDelPos_oneafterbeg" time="0.002" classname="EListTestNG"/>
  <testcase name="testDelEnd_from3" time="0.002" classname="EListTestNG"/>
  <testcase name="testSort_even" time="0.001" classname="EListTestNG"/>
  <testcase name="testToArray_many" time="0.001" classname="EListTestNG"/>
  <testcase name="testInit_len2" time="0.000" classname="EListTestNG"/>
  <testcase name="testMin_many" time="0.001" classname="EListTestNG"/>
  <testcase name="testDelPos_onebeforeend" time="0.002" classname="EListTestNG"/>
  <testcase name="testSort_even" time="0.000" classname="EListTestNG"/>
  <testcase name="testSize_3" time="0.001" classname="EListTestNG"/>
  <testcase name="testMax_manyAllTheSame" time="0.001" classname="EListTestNG"/>
  <testcase name="testToString_many" time="0.001" classname="EListTestNG"/>
  <testcase name="testToArray_2" time="0.000" classname="EListTestNG"/>
  <testcase name="testAddPos_lessthanLeng" time="0.003" classname="EListTestNG"/>
  <testcase name="testMin_many" time="0.001" classname="EListTestNG"/>
  <testcase name="testMaxPos_manyAllTheSame" time="0.014" classname="EListTestNG"/>
  <testcase name="testHalfReverse_1" time="0.001" classname="EListTestNG"/>
  <testcase name="testMax_3" time="0.001" classname="EListTestNG"/>
  <testcase name="testDelPos_from1" time="0.004" classname="EListTestNG"/>
  <testcase name="testToArray_zero" time="0.001" classname="EListTestNG"/>
  <testcase name="testAddEnd_to1" time="0.002" classname="EListTestNG"/>
  <testcase name="testMin_0" time="0.001" classname="EListTestNG"/>
  <testcase name="testDelEnd_from3" time="0.002" classname="EListTestNG"/>
  <testcase name="testDelEnd_from1" time="0.002" classname="EListTestNG"/>
  <testcase name="testGet_zero" time="0.001" classname="EListTestNG"/>
  <testcase name="testToString_2" time="0.001" classname="EListTestNG"/>
  <testcase name="testInit_many" time="0.001" classname="EListTestNG"/>
  <testcase name="testHalfReverse_manyOdd" time="0.001" classname="EListTestNG"/>
  <testcase name="testClear_zerolen" time="0.001" classname="EListTestNG"/>
  <testcase name="testGet_from2" time="0.001" classname="EListTestNG"/>
  <testcase name="testDelPos_oneafterbeg" time="0.002" classname="EListTestNG"/>
  <testcase name="testAddStart_to0" time="0.002" classname="EListTestNG"/>
  <testcase name="testSet_beginning" time="0.002" classname="EListTestNG"/>
  <testcase name="testHalfReverse_manyeven" time="0.001" classname="EListTestNG"/>
  <testcase name="testAddPos_manyInBeg" time="0.003" classname="EListTestNG"/>
  <testcase name="testInit_len3" time="0.000" classname="EListTestNG"/>
  <testcase name="testAddPos_many" time="0.006" classname="EListTestNG"/>
  <testcase name="testAddStart_toMany" time="0.012" classname="EListTestNG"/>
  <testcase name="testMinPos_1" time="0.001" classname="EListTestNG"/>
  <testcase name="testAddEnd_tomany" time="0.003" classname="EListTestNG"/>
  <testcase name="testAddPos_lessthanLeng" time="0.003" classname="EListTestNG"/>
  <testcase name="testAddPos_3" time="0.003" classname="EListTestNG"/>
  <testcase name="testGet_start" time="0.001" classname="EListTestNG"/>
  <testcase name="testSet_moreThan" time="0.001" classname="EListTestNG"/>
  <testcase name="testAddPos_manyInBeg" time="0.002" classname="EListTestNG"/>
  <testcase name="testMinPos_2" time="0.001" classname="EListTestNG"/>
  <testcase name="testReverse_0" time="0.002" classname="EListTestNG"/>
  <testcase name="testMaxPos_2" time="0.001" classname="EListTestNG"/>
  <testcase name="testDelStart_from1" time="0.001" classname="EListTestNG"/>
  <testcase name="testClear_many" time="0.004" classname="EListTestNG"/>
  <testcase name="testReverse_2" time="0.001" classname="EListTestNG"/>
  <testcase name="testSet_lessThan" time="0.001" classname="EListTestNG"/>
  <testcase name="testDelStart_from1" time="0.002" classname="EListTestNG"/>
  <testcase name="testSize_1" time="0.001" classname="EListTestNG"/>
  <testcase name="testReverse_manyOdd" time="0.001" classname="EListTestNG"/>
  <testcase name="testAddPos_manyInEnd" time="0.003" classname="EListTestNG"/>
  <testcase name="testGet_start" time="0.001" classname="EListTestNG"/>
  <testcase name="testSet_whenleng0" time="0.001" classname="EListTestNG"/>
  <testcase name="testToString_2" time="0.000" classname="EListTestNG"/>
  <testcase name="testMax_3" time="0.001" classname="EListTestNG"/>
  <testcase name="testSize_many" time="0.002" classname="EListTestNG"/>
  <testcase name="testHalfReverse_1" time="0.001" classname="EListTestNG"/>
  <testcase name="testMinPos_many_fewMins" time="0.001" classname="EListTestNG"/>
  <testcase name="testDelStart_from3" time="0.001" classname="EListTestNG"/>
  <testcase name="testMax_0" time="0.001" classname="EListTestNG"/>
  <testcase name="testMin_allthesame" time="0.002" classname="EListTestNG"/>
  <testcase name="testDelPos_from0" time="0.002" classname="EListTestNG"/>
  <testcase name="testMaxPos_manyAllTheSame" time="0.001" classname="EListTestNG"/>
  <testcase name="testMinPos_0" time="0.002" classname="EListTestNG"/>
  <testcase name="testMax_0" time="0.002" classname="EListTestNG"/>
  <testcase name="testAddStart_toMany" time="0.002" classname="EListTestNG"/>
  <testcase name="testMin_1" time="0.001" classname="EListTestNG"/>
  <testcase name="testSet_lessThan" time="0.001" classname="EListTestNG"/>
  <testcase name="testDelPos_end" time="0.002" classname="EListTestNG"/>
  <testcase name="testToString_zero" time="0.001" classname="EListTestNG"/>
  <testcase name="testMax_manyAllTheSame" time="0.002" classname="EListTestNG"/>
  <testcase name="testSort_1" time="0.001" classname="EListTestNG"/>
  <testcase name="testAddPos_moreThanleng" time="0.002" classname="EListTestNG"/>
  <testcase name="testMinPos_3" time="0.001" classname="EListTestNG"/>
  <testcase name="testDelStart_from2" time="0.002" classname="EListTestNG"/>
  <testcase name="testMinPos_many" time="0.001" classname="EListTestNG"/>
  <testcase name="testDelPos_from0" time="0.003" classname="EListTestNG"/>
  <testcase name="testInit_zerolen" time="0.001" classname="EListTestNG"/>
  <testcase name="testDelStart_from0" time="0.002" classname="EListTestNG"/>
  <testcase name="testReverse_1" time="0.000" classname="EListTestNG"/>
  <testcase name="testToArray_1" time="0.001" classname="EListTestNG"/>
  <testcase name="testDelStart_from0" time="0.002" classname="EListTestNG"/>
  <testcase name="testMax_1" time="0.001" classname="EListTestNG"/>
  <testcase name="testMin_2" time="0.001" classname="EListTestNG"/>
  <testcase name="testGet_moreThanLeng" time="0.001" classname="EListTestNG"/>
  <testcase name="testHalfReverse_2" time="0.001" classname="EListTestNG"/>
  <testcase name="testSet_whenLeng1" time="0.001" classname="EListTestNG"/>
  <testcase name="testAddStart_to1" time="0.002" classname="EListTestNG"/>
  <testcase name="testGet_moreThanLeng" time="0.001" classname="EListTestNG"/>
  <testcase name="testSort_manyOdd" time="0.000" classname="EListTestNG"/>
  <testcase name="testAddPos_moreThanleng" time="0.002" classname="EListTestNG"/>
  <testcase name="testAddPos_2" time="0.003" classname="EListTestNG"/>
  <testcase name="testMinPos_3" time="0.000" classname="EListTestNG"/>
  <testcase name="testReverse_0" time="0.002" classname="EListTestNG"/>
  <testcase name="testMaxPos_1" time="0.001" classname="EListTestNG"/>
  <testcase name="testHalfReverse_manyeven" time="0.001" classname="EListTestNG"/>
  <testcase name="testDelPos_from1" time="0.002" classname="EListTestNG"/>
  <testcase name="testMaxPos_many" time="0.001" classname="EListTestNG"/>
  <testcase name="testAddEnd_to2" time="0.003" classname="EListTestNG"/>
  <testcase name="testMax_2" time="0.001" classname="EListTestNG"/>
  <testcase name="testDelEnd_fromMany" time="0.001" classname="EListTestNG"/>
  <testcase name="testReverse_2" time="0.002" classname="EListTestNG"/>
  <testcase name="testDelPos_from0" time="0.002" classname="EListTestNG"/>
  <testcase name="testDelPos_from2" time="0.004" classname="EListTestNG"/>
  <testcase name="testMinPos_1" time="0.001" classname="EListTestNG"/>
  <testcase name="testGet_from2" time="0.001" classname="EListTestNG"/>
  <testcase name="testInit_len3" time="0.001" classname="EListTestNG"/>
  <testcase name="testGet_middle" time="0.002" classname="EListTestNG"/>
  <testcase name="testMaxPos_2" time="0.001" classname="EListTestNG"/>
  <testcase name="testInit_len2" time="0.001" classname="EListTestNG"/>
  <testcase name="testSort_1" time="0.001" classname="EListTestNG"/>
  <testcase name="testToString_zero" time="0.000" classname="EListTestNG"/>
  <testcase name="testMin_3" time="0.000" classname="EListTestNG"/>
  <testcase name="testMin_many" time="0.001" classname="EListTestNG"/>
  <testcase name="testHalfReverse_manyOdd" time="0.001" classname="EListTestNG"/>
  <testcase name="testAddStart_to2" time="0.004" classname="EListTestNG"/>
  <testcase name="testDelPos_manymiddle" time="0.002" classname="EListTestNG"/>
  <testcase name="testMinPos_0" time="0.001" classname="EListTestNG"/>
  <testcase name="testMinPos_many_fewMins" time="0.001" classname="EListTestNG"/>
  <testcase name="testMin_3" time="0.001" classname="EListTestNG"/>
  <testcase name="testSize_3" time="0.001" classname="EListTestNG"/>
  <testcase name="testToArray_2" time="0.001" classname="EListTestNG"/>
  <testcase name="testAddPos_1" time="0.005" classname="EListTestNG"/>
  <testcase name="testReverse_0" time="0.001" classname="EListTestNG"/>
  <testcase name="testAddStart_to0" time="0.007" classname="EListTestNG"/>
  <testcase name="testMinPos_3" time="0.001" classname="EListTestNG"/>
  <testcase name="testSize_1" time="0.000" classname="EListTestNG"/>
  <testcase name="testGet_zero" time="0.001" classname="EListTestNG"/>
  <testcase name="testAddPos_many" time="0.002" classname="EListTestNG"/>
  <testcase name="testDelStart_from2" time="0.002" classname="EListTestNG"/>
  <testcase name="testInit_len3" time="0.001" classname="EListTestNG"/>
  <testcase name="testDelPos_oneafterbeg" time="0.003" classname="EListTestNG"/>
  <testcase name="testMaxPos_3" time="0.001" classname="EListTestNG"/>
  <testcase name="testDelStart_fromMany" time="0.002" classname="EListTestNG"/>
  <testcase name="testAddEnd_to3" time="0.003" classname="EListTestNG"/>
  <testcase name="testDelPos_manymiddle" time="0.001" classname="EListTestNG"/>
  <testcase name="testInit_len1" time="0.000" classname="EListTestNG"/>
  <testcase name="testInit_zerolen" time="0.001" classname="EListTestNG"/>
  <testcase name="testDelPos_from2" time="0.006" classname="EListTestNG"/>
  <testcase name="testSet_end" time="0.001" classname="EListTestNG"/>
  <testcase name="testMaxPos_2" time="0.001" classname="EListTestNG"/>
  <testcase name="testHalfReverse_0" time="0.001" classname="EListTestNG"/>
  <testcase name="testDelEnd_from0" time="0.003" classname="EListTestNG"/>
  <testcase name="testInit_len1" time="0.003" classname="EListTestNG"/>
  <testcase name="testToArray_many" time="0.001" classname="EListTestNG"/>
  <testcase name="testAddStart_to3" time="0.001" classname="EListTestNG"/>
  <testcase name="testToArray_3" time="0.016" classname="EListTestNG"/>
  <testcase name="testDelPos_beg" time="0.002" classname="EListTestNG"/>
  <testcase name="testSet_beginning" time="0.001" classname="EListTestNG"/>
  <testcase name="testSet_moreThan" time="0.001" classname="EListTestNG"/>
  <testcase name="testSet_whenLeng1" time="0.001" classname="EListTestNG"/>
  <testcase name="testDelEnd_from0" time="0.002" classname="EListTestNG"/>
  <testcase name="testAddEnd_to3" time="0.004" classname="EListTestNG"/>
  <testcase name="testDelEnd_from0" time="0.001" classname="EListTestNG"/>
  <testcase name="testMax_0" time="0.001" classname="EListTestNG"/>
  <testcase name="testMinPos_allthesame" time="0.001" classname="EListTestNG"/>
  <testcase name="testClear_zerolen" time="0.002" classname="EListTestNG"/>
  <testcase name="testGet_start" time="0.000" classname="EListTestNG"/>
  <testcase name="testDelEnd_fromMany" time="0.003" classname="EListTestNG"/>
  <testcase name="testAddPos_many" time="0.002" classname="EListTestNG"/>
  <testcase name="testClear_many" time="0.006" classname="EListTestNG"/>
  <testcase name="testGet_from1" time="0.002" classname="EListTestNG"/>
  <testcase name="testSort_0" time="0.001" classname="EListTestNG"/>
  <testcase name="testMax_many" time="0.001" classname="EListTestNG"/>
  <testcase name="testAddPos_moreThanleng" time="0.006" classname="EListTestNG"/>
  <testcase name="testMaxPos_manyAllTheSame" time="0.001" classname="EListTestNG"/>
  <testcase name="testDelEnd_from1" time="0.002" classname="EListTestNG"/>
  <testcase name="testMin_allthesame" time="0.001" classname="EListTestNG"/>
  <testcase name="testGet_LessThanleng" time="0.002" classname="EListTestNG"/>
  <testcase name="testGet_from0" time="0.002" classname="EListTestNG"/>
  <testcase name="testMax_1" time="0.001" classname="EListTestNG"/>
  <testcase name="testAddEnd_to3" time="0.002" classname="EListTestNG"/>
  <testcase name="testHalfReverse_2" time="0.002" classname="EListTestNG"/>
  <testcase name="testClear_len1" time="0.002" classname="EListTestNG"/>
  <testcase name="testSort_manyOdd" time="0.001" classname="EListTestNG"/>
  <testcase name="testReverse_manyOdd" time="0.001" classname="EListTestNG"/>
  <testcase name="testGet_end" time="0.002" classname="EListTestNG"/>
  <testcase name="testMin_2" time="0.001" classname="EListTestNG"/>
  <testcase name="testAddPos_1" time="0.003" classname="EListTestNG"/>
  <testcase name="testSet_whenLeng1" time="0.001" classname="EListTestNG"/>
  <testcase name="testAddPos_3" time="0.018" classname="EListTestNG"/>
  <testcase name="testMaxPos_1" time="0.001" classname="EListTestNG"/>
  <testcase name="testGet_from1" time="0.001" classname="EListTestNG"/>
  <testcase name="testReverse_manyEven" time="0.002" classname="EListTestNG"/>
  <testcase name="testAddPos_1" time="0.004" classname="EListTestNG"/>
  <testcase name="testGet_LessThanleng" time="0.002" classname="EListTestNG"/>
  <testcase name="testInit_many" time="0.000" classname="EListTestNG"/>
  <testcase name="testClear_len1" time="0.004" classname="EListTestNG"/>
  <testcase name="testReverse_1" time="0.001" classname="EListTestNG"/>
  <testcase name="testDelEnd_from2" time="0.001" classname="EListTestNG"/>
  <testcase name="testDelStart_from1" time="0.001" classname="EListTestNG"/>
  <testcase name="testInit_zerolen" time="0.001" classname="EListTestNG"/>
  <testcase name="testToString_zero" time="0.001" classname="EListTestNG"/>
  <testcase name="testReverse_manyEven" time="0.001" classname="EListTestNG"/>
  <testcase name="testSet_end" time="0.001" classname="EListTestNG"/>
  <testcase name="testMinPos_1" time="0.002" classname="EListTestNG"/>
  <testcase name="testDelStart_from3" time="0.002" classname="EListTestNG"/>
  <testcase name="testAddPos_manyInEnd" time="0.002" classname="EListTestNG"/>
  <testcase name="testToString_3" time="0.001" classname="EListTestNG"/>
  <testcase name="testDelStart_from2" time="0.001" classname="EListTestNG"/>
  <testcase name="testInit_len1" time="0.001" classname="EListTestNG"/>
  <testcase name="testSort_2" time="0.001" classname="EListTestNG"/>
  <testcase name="testSet_beginning" time="0.001" classname="EListTestNG"/>
  <testcase name="testSet_end" time="0.004" classname="EListTestNG"/>
  <testcase name="testInit_many" time="0.002" classname="EListTestNG"/>
  <testcase name="testMin_0" time="0.004" classname="EListTestNG"/>
  <testcase name="testToString_1" time="0.001" classname="EListTestNG"/>
  <testcase name="testClear_zerolen" time="0.002" classname="EListTestNG"/>
  <testcase name="testSize_1" time="0.001" classname="EListTestNG"/>
  <testcase name="testSize_2" time="0.001" classname="EListTestNG"/>
  <testcase name="testMinPos_many_fewMins" time="0.001" classname="EListTestNG"/>
  <testcase name="testSet_mid" time="0.000" classname="EListTestNG"/>
  <testcase name="testClear_len1" time="0.003" classname="EListTestNG"/>
  <testcase name="testGet_end" time="0.001" classname="EListTestNG"/>
  <testcase name="testGet_middle" time="0.002" classname="EListTestNG"/>
  <testcase name="testToArray_zero" time="0.001" classname="EListTestNG"/>
  <testcase name="testAddPos_2" time="0.002" classname="EListTestNG"/>
  <testcase name="testMinPos_many" time="0.000" classname="EListTestNG"/>
  <testcase name="testToArray_1" time="0.002" classname="EListTestNG"/>
  <testcase name="testMin_1" time="0.001" classname="EListTestNG"/>
  <testcase name="testDelEnd_fromMany" time="0.003" classname="EListTestNG"/>
  <testcase name="testAddEnd_to0" time="0.005" classname="EListTestNG"/>
  <testcase name="testSort_manyOdd" time="0.000" classname="EListTestNG"/>
  <testcase name="testDelPos_manymiddle" time="0.001" classname="EListTestNG"/>
  <testcase name="testSet_mid" time="0.001" classname="EListTestNG"/>
  <testcase name="testGet_zero" time="0.001" classname="EListTestNG"/>
  <testcase name="testSize_2" time="0.001" classname="EListTestNG"/>
  <testcase name="testDelPos_from2" time="0.003" classname="EListTestNG"/>
  <testcase name="testMinPos_allthesame" time="0.001" classname="EListTestNG"/>
  <testcase name="testToArray_many" time="0.001" classname="EListTestNG"/>
  <testcase name="testAddEnd_to2" time="0.003" classname="EListTestNG"/>
  <testcase name="testToString_3" time="0.000" classname="EListTestNG"/>
  <testcase name="testDelPos_end" time="0.005" classname="EListTestNG"/>
  <testcase name="testSet_whenleng0" time="0.001" classname="EListTestNG"/>
  <testcase name="testMaxPos_3" time="0.001" classname="EListTestNG"/>
  <testcase name="testSize_many" time="0.001" classname="EListTestNG"/>
  <testcase name="testDelStart_fromMany" time="0.004" classname="EListTestNG"/>
  <testcase name="testAddEnd_tomany" time="0.008" classname="EListTestNG"/>
  <testcase name="testSize_2" time="0.000" classname="EListTestNG"/>
  <testcase name="testGet_from0" time="0.015" classname="EListTestNG"/>
  <testcase name="testToString_2" time="0.000" classname="EListTestNG"/>
  <testcase name="testReverse_1" time="0.002" classname="EListTestNG"/>
  <testcase name="testDelEnd_from2" time="0.001" classname="EListTestNG"/>
  <testcase name="testAddPos_manyInBeg" time="0.006" classname="EListTestNG"/>
  <testcase name="testMax_manyAllTheSame" time="0.001" classname="EListTestNG"/>
  <testcase name="testGet_from1" time="0.001" classname="EListTestNG"/>
  <testcase name="testSet_mid" time="0.001" classname="EListTestNG"/>
  <testcase name="testMin_allthesame" time="0.001" classname="EListTestNG"/>
  <testcase name="testDelStart_fromMany" time="0.001" classname="EListTestNG"/>
  <testcase name="testMax_2" time="0.001" classname="EListTestNG"/>
  <testcase name="testMax_many" time="0.002" classname="EListTestNG"/>
  <testcase name="testAddPos_manyInEnd" time="0.004" classname="EListTestNG"/>
  <testcase name="testGet_from0" time="0.001" classname="EListTestNG"/>
  <testcase name="testMin_0" time="0.001" classname="EListTestNG"/>
  <testcase name="testSort_0" time="0.001" classname="EListTestNG"/>
  <testcase name="testDelStart_from0" time="0.002" classname="EListTestNG"/>
  <testcase name="testMinPos_many" time="0.001" classname="EListTestNG"/>
  <testcase name="testSort_1" time="0.001" classname="EListTestNG"/>
  <testcase name="testSet_lessThan" time="0.002" classname="EListTestNG"/>
  <testcase name="testSize_zero" time="0.002" classname="EListTestNG"/>
  <testcase name="testMinPos_2" time="0.001" classname="EListTestNG"/>
  <testcase name="testReverse_2" time="0.001" classname="EListTestNG"/>
  <testcase name="testToString_many" time="0.001" classname="EListTestNG"/>
  <testcase name="testToString_1" time="0.001" classname="EListTestNG"/>
  <testcase name="testReverse_manyEven" time="0.001" classname="EListTestNG"/>
  <testcase name="testAddPos_3" time="0.002" classname="EListTestNG"/>
  <testcase name="testDelPos_end" time="0.003" classname="EListTestNG"/>
  <testcase name="testAddEnd_to1" time="0.003" classname="EListTestNG"/>
  <testcase name="testClear_len2" time="0.003" classname="EListTestNG"/>
  <testcase name="testHalfReverse_1" time="0.003" classname="EListTestNG"/>
  <testcase name="testDelEnd_from2" time="0.002" classname="EListTestNG"/>
  <testcase name="testToArray_zero" time="0.001" classname="EListTestNG"/>
  <testcase name="testGet_moreThanLeng" time="0.001" classname="EListTestNG"/>
  <testcase name="testToString_1" time="0.001" classname="EListTestNG"/>
  <testcase name="testAddStart_to3" time="0.008" classname="EListTestNG"/>
  <testcase name="testMax_1" time="0.000" classname="EListTestNG"/>
  <testcase name="testSize_many" time="0.001" classname="EListTestNG"/>
  <testcase name="testToString_3" time="0.000" classname="EListTestNG"/>
  <testcase name="testSet_whenleng0" time="0.001" classname="EListTestNG"/>
  <testcase name="testMaxPos_3" time="0.000" classname="EListTestNG"/>
  <testcase name="testSize_zero" time="0.004" classname="EListTestNG"/>
  <testcase name="testHalfReverse_0" time="0.001" classname="EListTestNG"/>
  <testcase name="testMaxPos_many" time="0.002" classname="EListTestNG"/>
  <testcase name="testClear_len2" time="0.003" classname="EListTestNG"/>
  <testcase name="testClear_many" time="0.008" classname="EListTestNG"/>
  <testcase name="testAddEnd_to2" time="0.002" classname="EListTestNG"/>
  <testcase name="testAddStart_to1" time="0.003" classname="EListTestNG"/>
  <testcase name="testMin_1" time="0.002" classname="EListTestNG"/>
  <testcase name="testAddEnd_to1" time="0.002" classname="EListTestNG"/>
  <testcase name="testAddStart_to3" time="0.002" classname="EListTestNG"/>
  <testcase name="testToArray_2" time="0.001" classname="EListTestNG"/>
</testsuite> <!-- EListTestNG -->
